[2024-01-04 16:57:30] INFO: 已走默认配置文件:nanfangyunying.yml
[2024-01-04 17:02:35] INFO: 已走默认配置文件:nanfangyunying.yml
[2024-01-04 17:02:46] INFO: 用户配置sql文件:../DataBaseInfo/MysqlInfo/new_nanfang.yml
[2024-01-04 17:02:47] INFO: 成功连接数据库:nanfang
[2024-01-04 17:02:51] INFO: 已使用管理员权限运行代码！
[2024-01-04 17:03:13] INFO: 网卡信息更换完成！
[2024-01-04 17:03:22] INFO: 查找当前运行的iscpclient.exe,并结束进程
[2024-01-04 17:03:25] INFO: 查找iscpclient.exe,并运行程序
[2024-01-04 17:04:55] INFO: 已走默认配置文件:nanfangyunying.yml
[2024-01-04 17:05:05] INFO: 用户配置sql文件:../DataBaseInfo/MysqlInfo/new_nanfang.yml
[2024-01-04 17:05:05] INFO: 成功连接数据库:nanfang
[2024-01-04 17:05:05] INFO: 已使用管理员权限运行代码！
[2024-01-04 17:05:09] INFO: 网卡信息更换完成！
[2024-01-04 17:05:22] INFO: 查找当前运行的iscpclient.exe,并结束进程
[2024-01-04 17:05:25] INFO: 查找iscpclient.exe,并运行程序
[2024-01-04 17:05:33] INFO: 点击SDK默认按钮
[2024-01-04 17:05:38] INFO: SDK连接中
[2024-01-04 17:05:41] INFO: SDK确认中
[2024-01-04 17:05:41] WARNING: 确定SDK已经安装到本机！
[2024-01-04 17:05:41] INFO: SDK最小化
[2024-01-04 17:08:01] INFO: 已走默认配置文件:nanfangyunying.yml
[2024-01-04 17:08:11] INFO: 用户配置sql文件:../DataBaseInfo/MysqlInfo/new_nanfang.yml
[2024-01-04 17:08:11] INFO: 成功连接数据库:nanfang
[2024-01-04 17:08:11] INFO: 已使用管理员权限运行代码！
[2024-01-04 17:08:18] INFO: 网卡信息更换完成！
[2024-01-04 17:08:32] INFO: 查找当前运行的iscpclient.exe,并结束进程
[2024-01-04 17:08:35] INFO: 查找iscpclient.exe,并运行程序
[2024-01-04 17:08:42] INFO: 点击SDK默认按钮
[2024-01-04 17:08:46] INFO: SDK连接中
[2024-01-04 17:08:49] INFO: SDK确认中
[2024-01-04 17:08:49] WARNING: 确定SDK已经安装到本机！
[2024-01-04 17:08:49] INFO: SDK最小化
[2024-01-04 17:10:14] INFO: 已走默认配置文件:nanfangyunying.yml
[2024-01-04 17:10:24] INFO: 用户配置sql文件:../DataBaseInfo/MysqlInfo/new_nanfang.yml
[2024-01-04 17:10:24] INFO: 成功连接数据库:nanfang
[2024-01-04 17:10:24] INFO: 已使用管理员权限运行代码！
[2024-01-04 17:10:28] INFO: 网卡信息更换完成！
[2024-01-04 17:10:41] INFO: 查找当前运行的iscpclient.exe,并结束进程
[2024-01-04 17:10:44] INFO: 查找iscpclient.exe,并运行程序
[2024-01-04 17:10:51] INFO: 点击SDK默认按钮
[2024-01-04 17:10:55] INFO: SDK连接中
[2024-01-04 17:10:58] INFO: SDK确认中
[2024-01-04 17:10:58] WARNING: 确定SDK已经安装到本机！
[2024-01-04 17:10:58] INFO: SDK最小化
[2024-01-04 17:15:25] INFO: 已走默认配置文件:nanfangyunying.yml
[2024-01-04 17:15:35] INFO: 用户配置sql文件:../DataBaseInfo/MysqlInfo/new_nanfang.yml
[2024-01-04 17:15:35] INFO: 成功连接数据库:nanfang
[2024-01-04 17:15:35] INFO: 已使用管理员权限运行代码！
[2024-01-04 17:15:40] INFO: 网卡信息更换完成！
[2024-01-04 17:15:54] INFO: 查找当前运行的iscpclient.exe,并结束进程
[2024-01-04 17:15:57] INFO: 查找iscpclient.exe,并运行程序
[2024-01-04 17:16:04] INFO: 点击SDK默认按钮
[2024-01-04 17:16:09] INFO: SDK连接中
[2024-01-04 17:16:12] INFO: SDK确认中
[2024-01-04 17:16:12] WARNING: 确定SDK已经安装到本机！
[2024-01-04 17:16:12] INFO: SDK最小化
[2024-01-04 17:20:18] INFO: 已走默认配置文件:nanfangyunying.yml
[2024-01-04 17:20:28] INFO: 用户配置sql文件:../DataBaseInfo/MysqlInfo/new_nanfang.yml
[2024-01-04 17:20:29] INFO: 成功连接数据库:nanfang
[2024-01-04 17:20:29] INFO: 已使用管理员权限运行代码！
[2024-01-04 17:20:33] INFO: 网卡信息更换完成！
[2024-01-04 17:20:46] INFO: 查找当前运行的iscpclient.exe,并结束进程
[2024-01-04 17:20:49] INFO: 查找iscpclient.exe,并运行程序
[2024-01-04 17:20:57] INFO: 点击SDK默认按钮
[2024-01-04 17:21:01] INFO: SDK连接中
[2024-01-04 17:21:04] INFO: SDK确认中
[2024-01-04 17:21:04] WARNING: 确定SDK已经安装到本机！
[2024-01-04 17:21:04] INFO: SDK最小化
[2024-01-04 17:23:39] INFO: 已走默认配置文件:nanfangyunying.yml
[2024-01-04 17:24:48] INFO: 已走默认配置文件:nanfangyunying.yml
[2024-01-04 17:26:29] INFO: 用户配置sql文件:../DataBaseInfo/MysqlInfo/new_nanfang.yml
[2024-01-04 17:26:30] INFO: 成功连接数据库:nanfang
[2024-01-04 17:26:30] INFO: 请求数据有误:(1142, "SELECT command denied to user 'nanfang'@'39.164.97.167' for table 'data_oms'")
